Using pre-set license
Built from '2020.3/staging' branch; Version is '2020.3.17f1 (a4537701e4ab) revision 10769271'; Using compiler version '192528614'; Build Type 'Release'
OS: 'Windows 10 Pro N; OS build 19042.1288; Version 2009; 64bit' Language: 'es' Physical Memory: 8190 MB
BatchMode: 1, IsHumanControllingUs: 0, StartBugReporterOnCrash: 0, Is64bit: 1, IsPro: 0

COMMAND LINE ARGUMENTS:
C:\Program Files\Unity\Hub\Editor\2020.3.17f1\Editor\Unity.exe
-adb2
-batchMode
-noUpm
-name
AssetImportWorker0
-projectPath
E:/yo/facu/ulp/2 a単o/programacion/script/tp1-planetas
-logFile
Logs/AssetImportWorker0.log
-srvPort
61964
Successfully changed project path to: E:/yo/facu/ulp/2 a単o/programacion/script/tp1-planetas
E:/yo/facu/ulp/2 a単o/programacion/script/tp1-planetas
Using Asset Import Pipeline V2.
Refreshing native plugins compatible for Editor in 172.24 ms, found 2 plugins.
Preloading 0 native plugins for Editor in 0.00 ms.
Initialize engine version: 2020.3.17f1 (a4537701e4ab)
[Subsystems] Discovering subsystems at path C:/Program Files/Unity/Hub/Editor/2020.3.17f1/Editor/Data/Resources/UnitySubsystems
[Subsystems] Discovering subsystems at path E:/yo/facu/ulp/2 a単o/programacion/script/tp1-planetas/Assets
GfxDevice: creating device client; threaded=0
Direct3D:
    Version:  Direct3D 11.0 [level 11.0]
    Renderer: AMD Radeon HD 6900 Series (ID=0x6718)
    Vendor:   
    VRAM:     2032 MB
    Driver:   15.201.1151.1008
Initialize mono
Mono path[0] = 'C:/Program Files/Unity/Hub/Editor/2020.3.17f1/Editor/Data/Managed'
Mono path[1] = 'C:/Program Files/Unity/Hub/Editor/2020.3.17f1/Editor/Data/MonoBleedingEdge/lib/mono/unityjit'
Mono config path = 'C:/Program Files/Unity/Hub/Editor/2020.3.17f1/Editor/Data/MonoBleedingEdge/etc'
Using monoOptions --debugger-agent=transport=dt_socket,embedding=1,server=y,suspend=n,address=127.0.0.1:56632
Begin MonoManager ReloadAssembly
Registering precompiled unity dll's ...
Register platform support module: C:/Program Files/Unity/Hub/Editor/2020.3.17f1/Editor/Data/PlaybackEngines/WindowsStandaloneSupport/UnityEditor.WindowsStandalone.Extensions.dll
Registered in 0.005735 seconds.
Native extension for WindowsStandalone target not found
Refreshing native plugins compatible for Editor in 79.38 ms, found 2 plugins.
Preloading 0 native plugins for Editor in 0.00 ms.
Mono: successfully reloaded assembly
- Completed reload, in  6.817 seconds
Domain Reload Profiling:
	ReloadAssembly (6817ms)
		BeginReloadAssembly (167ms)
			ExecutionOrderSort (0ms)
			DisableScriptedObjects (0ms)
			BackupInstance (0ms)
			ReleaseScriptingObjects (0ms)
			CreateAndSetChildDomain (2ms)
		EndReloadAssembly (1161ms)
			LoadAssemblies (161ms)
			RebuildTransferFunctionScriptingTraits (1ms)
			SetupTypeCache (441ms)
			ReleaseScriptCaches (0ms)
			RebuildScriptCaches (93ms)
			SetupLoadedEditorAssemblies (444ms)
				LogAssemblyErrors (0ms)
				InitializePlatformSupportModulesInManaged (12ms)
				SetLoadedEditorAssemblies (0ms)
				RefreshPlugins (80ms)
				BeforeProcessingInitializeOnLoad (45ms)
				ProcessInitializeOnLoadAttributes (226ms)
				ProcessInitializeOnLoadMethodAttributes (80ms)
				AfterProcessingInitializeOnLoad (0ms)
				EditorAssembliesLoaded (0ms)
			ExecutionOrderSort2 (0ms)
			AwakeInstancesAfterBackupRestoration (0ms)
Platform modules already initialized, skipping
Registering precompiled user dll's ...
Registered in 0.025806 seconds.
Begin MonoManager ReloadAssembly
Native extension for WindowsStandalone target not found
Refreshing native plugins compatible for Editor in 0.72 ms, found 2 plugins.
Preloading 0 native plugins for Editor in 0.00 ms.
Mono: successfully reloaded assembly
- Completed reload, in  3.725 seconds
Domain Reload Profiling:
	ReloadAssembly (3727ms)
		BeginReloadAssembly (564ms)
			ExecutionOrderSort (0ms)
			DisableScriptedObjects (13ms)
			BackupInstance (0ms)
			ReleaseScriptingObjects (0ms)
			CreateAndSetChildDomain (45ms)
		EndReloadAssembly (2652ms)
			LoadAssemblies (388ms)
			RebuildTransferFunctionScriptingTraits (0ms)
			SetupTypeCache (1013ms)
			ReleaseScriptCaches (1ms)
			RebuildScriptCaches (112ms)
			SetupLoadedEditorAssemblies (1011ms)
				LogAssemblyErrors (0ms)
				InitializePlatformSupportModulesInManaged (12ms)
				SetLoadedEditorAssemblies (1ms)
				RefreshPlugins (1ms)
				BeforeProcessingInitializeOnLoad (200ms)
				ProcessInitializeOnLoadAttributes (766ms)
				ProcessInitializeOnLoadMethodAttributes (11ms)
				AfterProcessingInitializeOnLoad (19ms)
				EditorAssembliesLoaded (1ms)
			ExecutionOrderSort2 (0ms)
			AwakeInstancesAfterBackupRestoration (19ms)
Platform modules already initialized, skipping
========================================================================
Worker process is ready to serve import requests
Launched and connected shader compiler UnityShaderCompiler.exe after 0.14 seconds
Refreshing native plugins compatible for Editor in 0.73 ms, found 2 plugins.
Preloading 0 native plugins for Editor in 0.00 ms.
Unloading 1397 Unused Serialized files (Serialized files now loaded: 0)
System memory in use before: 64.8 MB.
System memory in use after: 64.9 MB.

Unloading 18 unused Assets to reduce memory usage. Loaded Objects now: 1830.
Total: 11.405500 ms (FindLiveObjects: 0.459000 ms CreateObjectMapping: 0.095200 ms MarkObjects: 10.715800 ms  DeleteObjects: 0.132500 ms)

AssetImportParameters requested are different than current active one (requested -> active):
  custom:framework-win-MediaFoundation: 216162199b28c13a410421893ffa2e32 -> 
  custom:video-decoder-ogg-theora: a1e56fd34408186e4bbccfd4996cb3dc -> 
  custom:container-muxer-webm: aa71ff27fc2769a1b78a27578f13a17b -> 
  custom:container-demuxer-webm: 4f35f7cbe854078d1ac9338744f61a02 -> 
  custom:container-demuxer-ogg: 62fdf1f143b41e24485cea50d1cbac27 -> 
  custom:video-encoder-webm-vp8: eb34c28f22e8b96e1ab97ce403110664 -> 
  custom:video-decoder-webm-vp8: 9c59270c3fd7afecdb556c50c9e8de78 -> 
  custom:audio-decoder-ogg-vorbis: bf7c407c2cedff20999df2af8eb42d56 -> 
  custom:audio-encoder-webm-vorbis: bf7c407c2cedff20999df2af8eb42d56 -> 
========================================================================
Received Import Request.
  path: Assets
  artifactKey: Guid(00000000000000001000000000000000) Importer(815301076,1909f56bfc062723c751e8b465ee728b)
Start importing Assets using Guid(00000000000000001000000000000000) Importer(815301076,1909f56bfc062723c751e8b465ee728b)  -> (artifact id: '42d402b061de3733987d63b9cc3b64de') in 0.030567 seconds 
  Import took 0.052381 seconds .

========================================================================
Received Import Request.
  Time since last request: 0.000699 seconds.
  path: Assets/script
  artifactKey: Guid(35c3e867992620c43a8974d9b6157f19) Importer(815301076,1909f56bfc062723c751e8b465ee728b)
Start importing Assets/script using Guid(35c3e867992620c43a8974d9b6157f19) Importer(815301076,1909f56bfc062723c751e8b465ee728b)  -> (artifact id: 'e03c8207b3b517f5f4645007536a6a7b') in 0.003864 seconds 
  Import took 0.019171 seconds .

========================================================================
Received Import Request.
  Time since last request: 0.638226 seconds.
  path: Assets/materiales
  artifactKey: Guid(b31542b90ce955549b6ad9a991f6a23a) Importer(815301076,1909f56bfc062723c751e8b465ee728b)
Start importing Assets/materiales using Guid(b31542b90ce955549b6ad9a991f6a23a) Importer(815301076,1909f56bfc062723c751e8b465ee728b)  -> (artifact id: '7439f142f330474b4f812681473fd5c6') in 0.004648 seconds 
  Import took 0.031694 seconds .

========================================================================
Received Import Request.
  Time since last request: 39.563504 seconds.
  path: Assets/materiales/8k_earth_daymap.jpg
  artifactKey: Guid(48485578a24cfa64f8537f9408aa915b) Importer(815301076,1909f56bfc062723c751e8b465ee728b)
Start importing Assets/materiales/8k_earth_daymap.jpg using Guid(48485578a24cfa64f8537f9408aa915b) Importer(815301076,1909f56bfc062723c751e8b465ee728b)  -> (artifact id: 'fc59d5cc01e0c0ad9461f359f47d4751') in 0.441321 seconds 
  Import took 0.447390 seconds .

========================================================================
Received Import Request.
  Time since last request: 0.000764 seconds.
  path: Assets/materiales/8k_earth_normal_map.tif
  artifactKey: Guid(0a9f3f6156f592e44bfffad214c3ece2) Importer(815301076,1909f56bfc062723c751e8b465ee728b)
Start importing Assets/materiales/8k_earth_normal_map.tif using Guid(0a9f3f6156f592e44bfffad214c3ece2) Importer(815301076,1909f56bfc062723c751e8b465ee728b)  -> (artifact id: 'bde26a1713494936372422c6edb146c6') in 0.080827 seconds 
  Import took 0.090150 seconds .

========================================================================
Received Import Request.
  Time since last request: 0.000566 seconds.
  path: Assets/materiales/8k_stars.jpg
  artifactKey: Guid(6009d247828234d4b8207298aab73c7b) Importer(815301076,1909f56bfc062723c751e8b465ee728b)
Start importing Assets/materiales/8k_stars.jpg using Guid(6009d247828234d4b8207298aab73c7b) Importer(815301076,1909f56bfc062723c751e8b465ee728b)  -> (artifact id: '2742566a7c10bc31abd058a5a81fc1b0') in 0.053028 seconds 
  Import took 0.059320 seconds .

========================================================================
Received Import Request.
  Time since last request: 0.001339 seconds.
  path: Assets/materiales/8k_saturn.jpg
  artifactKey: Guid(a0a88468a727ebc489665a131c473141) Importer(815301076,1909f56bfc062723c751e8b465ee728b)
Start importing Assets/materiales/8k_saturn.jpg using Guid(a0a88468a727ebc489665a131c473141) Importer(815301076,1909f56bfc062723c751e8b465ee728b)  -> (artifact id: 'c38791fb9d6243c058a45ba240339174') in 0.051904 seconds 
  Import took 0.060858 seconds .

========================================================================
Received Import Request.
  Time since last request: 0.000892 seconds.
  path: Assets/materiales/8k_saturn_ring_alpha.png
  artifactKey: Guid(f001e3147373e6642a253ef436074ddc) Importer(815301076,1909f56bfc062723c751e8b465ee728b)
Start importing Assets/materiales/8k_saturn_ring_alpha.png using Guid(f001e3147373e6642a253ef436074ddc) Importer(815301076,1909f56bfc062723c751e8b465ee728b)  -> (artifact id: '763411f2f533cd33e7b315639f309ecb') in 0.052163 seconds 
  Import took 0.060410 seconds .

========================================================================
Received Import Request.
  Time since last request: 0.000621 seconds.
  path: Assets/materiales/8k_earth_specular_map.tif
  artifactKey: Guid(c79c4e17c2ba6da478b0201bf180fe2c) Importer(815301076,1909f56bfc062723c751e8b465ee728b)
Start importing Assets/materiales/8k_earth_specular_map.tif using Guid(c79c4e17c2ba6da478b0201bf180fe2c) Importer(815301076,1909f56bfc062723c751e8b465ee728b)  -> (artifact id: 'e0c163a26d9f000da4aaf576322ff175') in 0.052093 seconds 
  Import took 0.056941 seconds .

========================================================================
Received Import Request.
  Time since last request: 0.003021 seconds.
  path: Assets/materiales/8k_sun.jpg
  artifactKey: Guid(29a3e781666b4db46a419f5a50292b1b) Importer(815301076,1909f56bfc062723c751e8b465ee728b)
Start importing Assets/materiales/8k_sun.jpg using Guid(29a3e781666b4db46a419f5a50292b1b) Importer(815301076,1909f56bfc062723c751e8b465ee728b)  -> (artifact id: '055ec4e0783e831c6fccfd9fc5be9f04') in 0.054828 seconds 
  Import took 0.059845 seconds .

========================================================================
Received Import Request.
  Time since last request: 0.000434 seconds.
  path: Assets/materiales/8k_jupiter.jpg
  artifactKey: Guid(adae86182b36e7c4eb183f6794e8299b) Importer(815301076,1909f56bfc062723c751e8b465ee728b)
Start importing Assets/materiales/8k_jupiter.jpg using Guid(adae86182b36e7c4eb183f6794e8299b) Importer(815301076,1909f56bfc062723c751e8b465ee728b)  -> (artifact id: '00d70706663b6503b77657405c62f296') in 0.045627 seconds 
  Import took 0.050662 seconds .

========================================================================
Received Import Request.
  Time since last request: 0.000097 seconds.
  path: Assets/materiales/8k_moon.jpg
  artifactKey: Guid(f88c703fdc844ef429277a70ac8ca108) Importer(815301076,1909f56bfc062723c751e8b465ee728b)
Start importing Assets/materiales/8k_moon.jpg using Guid(f88c703fdc844ef429277a70ac8ca108) Importer(815301076,1909f56bfc062723c751e8b465ee728b)  -> (artifact id: '9daf4d8184ac2bca20d18ac07d4ca556') in 0.048770 seconds 
  Import took 0.059790 seconds .

========================================================================
Received Import Request.
  Time since last request: 0.000659 seconds.
  path: Assets/materiales/8k_jupiter.jpg
  artifactKey: Guid(adae86182b36e7c4eb183f6794e8299b) Importer(815301076,1909f56bfc062723c751e8b465ee728b)
Start importing Assets/materiales/8k_jupiter.jpg using Guid(adae86182b36e7c4eb183f6794e8299b) Importer(815301076,1909f56bfc062723c751e8b465ee728b)  -> (artifact id: '00d70706663b6503b77657405c62f296') in 0.048471 seconds 
  Import took 0.061844 seconds .

========================================================================
Received Import Request.
  Time since last request: 0.000518 seconds.
  path: Assets/materiales/8k_mars.jpg
  artifactKey: Guid(c98afc585f39cae40b549b4f286a71fd) Importer(815301076,1909f56bfc062723c751e8b465ee728b)
Start importing Assets/materiales/8k_mars.jpg using Guid(c98afc585f39cae40b549b4f286a71fd) Importer(815301076,1909f56bfc062723c751e8b465ee728b)  -> (artifact id: 'bb218683f5754d2f64701d0e4dca350e') in 0.055759 seconds 
  Import took 0.062579 seconds .

========================================================================
Received Import Request.
  Time since last request: 307.975569 seconds.
  path: Assets/materiales/8k_stars.jpg
  artifactKey: Guid(6009d247828234d4b8207298aab73c7b) Importer(815301076,1909f56bfc062723c751e8b465ee728b)
Start importing Assets/materiales/8k_stars.jpg using Guid(6009d247828234d4b8207298aab73c7b) Importer(815301076,1909f56bfc062723c751e8b465ee728b)  -> (artifact id: '4fc543c55e4940185a4b33135a1b6190') in 0.747469 seconds 
  Import took 0.809996 seconds .

========================================================================
Received Import Request.
  Time since last request: 527.480661 seconds.
  path: Assets/materiales/8k_earth_normal_map.tif
  artifactKey: Guid(0a9f3f6156f592e44bfffad214c3ece2) Importer(815301076,1909f56bfc062723c751e8b465ee728b)
Start importing Assets/materiales/8k_earth_normal_map.tif using Guid(0a9f3f6156f592e44bfffad214c3ece2) Importer(815301076,1909f56bfc062723c751e8b465ee728b)  -> (artifact id: '3fab04d8aeab3d4b6375f5fab09364d1') in 0.070001 seconds 
  Import took 0.092758 seconds .

========================================================================
Received Import Request.
  Time since last request: 715.873486 seconds.
  path: Assets/script/rotar.cs
  artifactKey: Guid(df21ec649b1cd6c489bc46f4d7ecd3f5) Importer(815301076,1909f56bfc062723c751e8b465ee728b)
Start importing Assets/script/rotar.cs using Guid(df21ec649b1cd6c489bc46f4d7ecd3f5) Importer(815301076,1909f56bfc062723c751e8b465ee728b)  -> (artifact id: 'f963d54cd016195fe5eb5983cd97a448') in 0.112348 seconds 
  Import took 0.138742 seconds .

========================================================================
Received Prepare
Registering precompiled user dll's ...
Registered in 0.270689 seconds.
Begin MonoManager ReloadAssembly
Native extension for WindowsStandalone target not found
Refreshing native plugins compatible for Editor in 0.83 ms, found 2 plugins.
Preloading 0 native plugins for Editor in 0.00 ms.
Mono: successfully reloaded assembly
- Completed reload, in  4.579 seconds
Domain Reload Profiling:
	ReloadAssembly (4580ms)
		BeginReloadAssembly (311ms)
			ExecutionOrderSort (0ms)
			DisableScriptedObjects (13ms)
			BackupInstance (0ms)
			ReleaseScriptingObjects (0ms)
			CreateAndSetChildDomain (92ms)
		EndReloadAssembly (4078ms)
			LoadAssemblies (278ms)
			RebuildTransferFunctionScriptingTraits (0ms)
			SetupTypeCache (1016ms)
			ReleaseScriptCaches (1ms)
			RebuildScriptCaches (532ms)
			SetupLoadedEditorAssemblies (1679ms)
				LogAssemblyErrors (0ms)
				InitializePlatformSupportModulesInManaged (20ms)
				SetLoadedEditorAssemblies (1ms)
				RefreshPlugins (1ms)
				BeforeProcessingInitializeOnLoad (314ms)
				ProcessInitializeOnLoadAttributes (1300ms)
				ProcessInitializeOnLoadMethodAttributes (16ms)
				AfterProcessingInitializeOnLoad (26ms)
				EditorAssembliesLoaded (0ms)
			ExecutionOrderSort2 (0ms)
			AwakeInstancesAfterBackupRestoration (23ms)
Platform modules already initialized, skipping
Refreshing native plugins compatible for Editor in 1.08 ms, found 2 plugins.
Preloading 0 native plugins for Editor in 0.00 ms.
Unloading 1392 Unused Serialized files (Serialized files now loaded: 0)
System memory in use before: 68.1 MB.
System memory in use after: 68.2 MB.

Unloading 13 unused Assets to reduce memory usage. Loaded Objects now: 1870.
Total: 10.011600 ms (FindLiveObjects: 0.981700 ms CreateObjectMapping: 0.124400 ms MarkObjects: 8.866900 ms  DeleteObjects: 0.035800 ms)

AssetImportParameters requested are different than current active one (requested -> active):
  custom:framework-win-MediaFoundation: 216162199b28c13a410421893ffa2e32 -> 
  custom:video-decoder-ogg-theora: a1e56fd34408186e4bbccfd4996cb3dc -> 
  custom:container-muxer-webm: aa71ff27fc2769a1b78a27578f13a17b -> 
  custom:container-demuxer-webm: 4f35f7cbe854078d1ac9338744f61a02 -> 
  custom:container-demuxer-ogg: 62fdf1f143b41e24485cea50d1cbac27 -> 
  custom:video-encoder-webm-vp8: eb34c28f22e8b96e1ab97ce403110664 -> 
  custom:video-decoder-webm-vp8: 9c59270c3fd7afecdb556c50c9e8de78 -> 
  custom:audio-decoder-ogg-vorbis: bf7c407c2cedff20999df2af8eb42d56 -> 
  custom:audio-encoder-webm-vorbis: bf7c407c2cedff20999df2af8eb42d56 -> 
========================================================================
Received Prepare
Registering precompiled user dll's ...
Registered in 0.059795 seconds.
Begin MonoManager ReloadAssembly
Native extension for WindowsStandalone target not found
Refreshing native plugins compatible for Editor in 44.13 ms, found 2 plugins.
Preloading 0 native plugins for Editor in 0.00 ms.
Mono: successfully reloaded assembly
- Completed reload, in 15.827 seconds
Domain Reload Profiling:
	ReloadAssembly (15831ms)
		BeginReloadAssembly (401ms)
			ExecutionOrderSort (0ms)
			DisableScriptedObjects (11ms)
			BackupInstance (0ms)
			ReleaseScriptingObjects (0ms)
			CreateAndSetChildDomain (118ms)
		EndReloadAssembly (15159ms)
			LoadAssemblies (392ms)
			RebuildTransferFunctionScriptingTraits (0ms)
			SetupTypeCache (4558ms)
			ReleaseScriptCaches (16ms)
			RebuildScriptCaches (708ms)
			SetupLoadedEditorAssemblies (6766ms)
				LogAssemblyErrors (0ms)
				InitializePlatformSupportModulesInManaged (112ms)
				SetLoadedEditorAssemblies (3ms)
				RefreshPlugins (45ms)
				BeforeProcessingInitializeOnLoad (1314ms)
				ProcessInitializeOnLoadAttributes (4994ms)
				ProcessInitializeOnLoadMethodAttributes (112ms)
				AfterProcessingInitializeOnLoad (185ms)
				EditorAssembliesLoaded (1ms)
			ExecutionOrderSort2 (0ms)
			AwakeInstancesAfterBackupRestoration (142ms)
Platform modules already initialized, skipping
Refreshing native plugins compatible for Editor in 0.74 ms, found 2 plugins.
Preloading 0 native plugins for Editor in 0.00 ms.
Unloading 1392 Unused Serialized files (Serialized files now loaded: 0)
System memory in use before: 68.1 MB.
System memory in use after: 68.2 MB.

Unloading 13 unused Assets to reduce memory usage. Loaded Objects now: 1872.
Total: 52.648100 ms (FindLiveObjects: 1.727200 ms CreateObjectMapping: 2.734900 ms MarkObjects: 37.225400 ms  DeleteObjects: 10.954300 ms)

AssetImportParameters requested are different than current active one (requested -> active):
  custom:framework-win-MediaFoundation: 216162199b28c13a410421893ffa2e32 -> 
  custom:video-decoder-ogg-theora: a1e56fd34408186e4bbccfd4996cb3dc -> 
  custom:container-muxer-webm: aa71ff27fc2769a1b78a27578f13a17b -> 
  custom:container-demuxer-webm: 4f35f7cbe854078d1ac9338744f61a02 -> 
  custom:container-demuxer-ogg: 62fdf1f143b41e24485cea50d1cbac27 -> 
  custom:video-encoder-webm-vp8: eb34c28f22e8b96e1ab97ce403110664 -> 
  custom:video-decoder-webm-vp8: 9c59270c3fd7afecdb556c50c9e8de78 -> 
  custom:audio-decoder-ogg-vorbis: bf7c407c2cedff20999df2af8eb42d56 -> 
  custom:audio-encoder-webm-vorbis: bf7c407c2cedff20999df2af8eb42d56 -> 
========================================================================
Received Prepare
Registering precompiled user dll's ...
Registered in 0.070249 seconds.
Begin MonoManager ReloadAssembly
Native extension for WindowsStandalone target not found
Refreshing native plugins compatible for Editor in 1.92 ms, found 2 plugins.
Preloading 0 native plugins for Editor in 0.00 ms.
Mono: successfully reloaded assembly
- Completed reload, in 12.695 seconds
Domain Reload Profiling:
	ReloadAssembly (12698ms)
		BeginReloadAssembly (395ms)
			ExecutionOrderSort (0ms)
			DisableScriptedObjects (12ms)
			BackupInstance (0ms)
			ReleaseScriptingObjects (0ms)
			CreateAndSetChildDomain (147ms)
		EndReloadAssembly (12018ms)
			LoadAssemblies (344ms)
			RebuildTransferFunctionScriptingTraits (0ms)
			SetupTypeCache (1019ms)
			ReleaseScriptCaches (3ms)
			RebuildScriptCaches (1140ms)
			SetupLoadedEditorAssemblies (6873ms)
				LogAssemblyErrors (0ms)
				InitializePlatformSupportModulesInManaged (73ms)
				SetLoadedEditorAssemblies (1ms)
				RefreshPlugins (4ms)
				BeforeProcessingInitializeOnLoad (337ms)
				ProcessInitializeOnLoadAttributes (6155ms)
				ProcessInitializeOnLoadMethodAttributes (86ms)
				AfterProcessingInitializeOnLoad (213ms)
				EditorAssembliesLoaded (5ms)
			ExecutionOrderSort2 (0ms)
			AwakeInstancesAfterBackupRestoration (177ms)
Platform modules already initialized, skipping
Refreshing native plugins compatible for Editor in 14.29 ms, found 2 plugins.
Preloading 0 native plugins for Editor in 0.00 ms.
Unloading 1392 Unused Serialized files (Serialized files now loaded: 0)
System memory in use before: 68.1 MB.
System memory in use after: 68.2 MB.

Unloading 13 unused Assets to reduce memory usage. Loaded Objects now: 1874.
Total: 9.932300 ms (FindLiveObjects: 0.307000 ms CreateObjectMapping: 0.075000 ms MarkObjects: 9.503800 ms  DeleteObjects: 0.044700 ms)

AssetImportParameters requested are different than current active one (requested -> active):
  custom:framework-win-MediaFoundation: 216162199b28c13a410421893ffa2e32 -> 
  custom:video-decoder-ogg-theora: a1e56fd34408186e4bbccfd4996cb3dc -> 
  custom:container-muxer-webm: aa71ff27fc2769a1b78a27578f13a17b -> 
  custom:container-demuxer-webm: 4f35f7cbe854078d1ac9338744f61a02 -> 
  custom:container-demuxer-ogg: 62fdf1f143b41e24485cea50d1cbac27 -> 
  custom:video-encoder-webm-vp8: eb34c28f22e8b96e1ab97ce403110664 -> 
  custom:video-decoder-webm-vp8: 9c59270c3fd7afecdb556c50c9e8de78 -> 
  custom:audio-decoder-ogg-vorbis: bf7c407c2cedff20999df2af8eb42d56 -> 
  custom:audio-encoder-webm-vorbis: bf7c407c2cedff20999df2af8eb42d56 -> 
========================================================================
Received Prepare
Registering precompiled user dll's ...
Registered in 0.018367 seconds.
Begin MonoManager ReloadAssembly
Native extension for WindowsStandalone target not found
Refreshing native plugins compatible for Editor in 1.25 ms, found 2 plugins.
Preloading 0 native plugins for Editor in 0.00 ms.
Mono: successfully reloaded assembly
- Completed reload, in  4.336 seconds
Domain Reload Profiling:
	ReloadAssembly (4338ms)
		BeginReloadAssembly (347ms)
			ExecutionOrderSort (0ms)
			DisableScriptedObjects (19ms)
			BackupInstance (0ms)
			ReleaseScriptingObjects (0ms)
			CreateAndSetChildDomain (83ms)
		EndReloadAssembly (3690ms)
			LoadAssemblies (329ms)
			RebuildTransferFunctionScriptingTraits (0ms)
			SetupTypeCache (915ms)
			ReleaseScriptCaches (3ms)
			RebuildScriptCaches (134ms)
			SetupLoadedEditorAssemblies (1970ms)
				LogAssemblyErrors (0ms)
				InitializePlatformSupportModulesInManaged (14ms)
				SetLoadedEditorAssemblies (1ms)
				RefreshPlugins (1ms)
				BeforeProcessingInitializeOnLoad (228ms)
				ProcessInitializeOnLoadAttributes (1675ms)
				ProcessInitializeOnLoadMethodAttributes (14ms)
				AfterProcessingInitializeOnLoad (36ms)
				EditorAssembliesLoaded (0ms)
			ExecutionOrderSort2 (0ms)
			AwakeInstancesAfterBackupRestoration (35ms)
Platform modules already initialized, skipping
Refreshing native plugins compatible for Editor in 1.66 ms, found 2 plugins.
Preloading 0 native plugins for Editor in 0.00 ms.
Unloading 1392 Unused Serialized files (Serialized files now loaded: 0)
System memory in use before: 68.2 MB.
System memory in use after: 68.3 MB.

Unloading 13 unused Assets to reduce memory usage. Loaded Objects now: 1876.
Total: 10.153500 ms (FindLiveObjects: 0.950600 ms CreateObjectMapping: 0.124700 ms MarkObjects: 8.949900 ms  DeleteObjects: 0.124800 ms)

AssetImportParameters requested are different than current active one (requested -> active):
  custom:framework-win-MediaFoundation: 216162199b28c13a410421893ffa2e32 -> 
  custom:video-decoder-ogg-theora: a1e56fd34408186e4bbccfd4996cb3dc -> 
  custom:container-muxer-webm: aa71ff27fc2769a1b78a27578f13a17b -> 
  custom:container-demuxer-webm: 4f35f7cbe854078d1ac9338744f61a02 -> 
  custom:container-demuxer-ogg: 62fdf1f143b41e24485cea50d1cbac27 -> 
  custom:video-encoder-webm-vp8: eb34c28f22e8b96e1ab97ce403110664 -> 
  custom:video-decoder-webm-vp8: 9c59270c3fd7afecdb556c50c9e8de78 -> 
  custom:audio-decoder-ogg-vorbis: bf7c407c2cedff20999df2af8eb42d56 -> 
  custom:audio-encoder-webm-vorbis: bf7c407c2cedff20999df2af8eb42d56 -> 
========================================================================
Received Prepare
Registering precompiled user dll's ...
Registered in 0.052793 seconds.
Begin MonoManager ReloadAssembly
Native extension for WindowsStandalone target not found
Refreshing native plugins compatible for Editor in 0.63 ms, found 2 plugins.
Preloading 0 native plugins for Editor in 0.00 ms.
Mono: successfully reloaded assembly
- Completed reload, in  3.048 seconds
Domain Reload Profiling:
	ReloadAssembly (3055ms)
		BeginReloadAssembly (349ms)
			ExecutionOrderSort (0ms)
			DisableScriptedObjects (18ms)
			BackupInstance (0ms)
			ReleaseScriptingObjects (0ms)
			CreateAndSetChildDomain (88ms)
		EndReloadAssembly (2489ms)
			LoadAssemblies (286ms)
			RebuildTransferFunctionScriptingTraits (0ms)
			SetupTypeCache (774ms)
			ReleaseScriptCaches (2ms)
			RebuildScriptCaches (104ms)
			SetupLoadedEditorAssemblies (1108ms)
				LogAssemblyErrors (0ms)
				InitializePlatformSupportModulesInManaged (14ms)
				SetLoadedEditorAssemblies (1ms)
				RefreshPlugins (1ms)
				BeforeProcessingInitializeOnLoad (190ms)
				ProcessInitializeOnLoadAttributes (866ms)
				ProcessInitializeOnLoadMethodAttributes (10ms)
				AfterProcessingInitializeOnLoad (25ms)
				EditorAssembliesLoaded (1ms)
			ExecutionOrderSort2 (0ms)
			AwakeInstancesAfterBackupRestoration (16ms)
Platform modules already initialized, skipping
Refreshing native plugins compatible for Editor in 0.59 ms, found 2 plugins.
Preloading 0 native plugins for Editor in 0.00 ms.
Unloading 1392 Unused Serialized files (Serialized files now loaded: 0)
System memory in use before: 68.2 MB.
System memory in use after: 68.3 MB.

Unloading 13 unused Assets to reduce memory usage. Loaded Objects now: 1878.
Total: 10.039500 ms (FindLiveObjects: 0.312500 ms CreateObjectMapping: 0.076700 ms MarkObjects: 8.652800 ms  DeleteObjects: 0.994900 ms)

AssetImportParameters requested are different than current active one (requested -> active):
  custom:framework-win-MediaFoundation: 216162199b28c13a410421893ffa2e32 -> 
  custom:video-decoder-ogg-theora: a1e56fd34408186e4bbccfd4996cb3dc -> 
  custom:container-muxer-webm: aa71ff27fc2769a1b78a27578f13a17b -> 
  custom:container-demuxer-webm: 4f35f7cbe854078d1ac9338744f61a02 -> 
  custom:container-demuxer-ogg: 62fdf1f143b41e24485cea50d1cbac27 -> 
  custom:video-encoder-webm-vp8: eb34c28f22e8b96e1ab97ce403110664 -> 
  custom:video-decoder-webm-vp8: 9c59270c3fd7afecdb556c50c9e8de78 -> 
  custom:audio-decoder-ogg-vorbis: bf7c407c2cedff20999df2af8eb42d56 -> 
  custom:audio-encoder-webm-vorbis: bf7c407c2cedff20999df2af8eb42d56 -> 
AssetImportWorkerClient::OnTransportError - code=2 error=End of file
